<?xml version="1.0" encoding="UTF-8"?>
<!-- Generated by org.testng.reporters.JUnitXMLReporter -->
<testsuite ignored="0" hostname="LAPTOP-LPM1QBRR" failures="0" tests="3" name="Opencart Tests" time="45.064" errors="0" timestamp="2022-01-11T23:51:16 EST">
  <testcase classname="testCases.TestCase_NewCustomer" name="testAccountRegistration" time="25.91"/>
  <testcase classname="testCases.TestCase_SearchAndOrderProduct" name="SearchOrderProduct" time="6.433"/>
  <testcase classname="testCases.TestCase_CurrencyDisplayed" name="SelectedCurrencyDisplayed" time="4.695"/>
</testsuite> <!-- Opencart Tests -->
