<?xml version="1.0" encoding="UTF-8"?>
<!-- Generated by org.testng.reporters.JUnitXMLReporter -->
<testsuite ignored="0" hostname="LAPTOP-LPM1QBRR" failures="0" tests="6" name="Opencart Tests" time="54.732" errors="0" timestamp="2022-01-12T21:22:50 EST">
  <testcase classname="testCases.TestScenario_OnlyNewCustomerRegistered" name="newUserRegistration" time="4.05"/>
  <testcase classname="testCases.TestScenario_OnlyNewCustomerRegistered" name="existingUserRegistration" time="1.638"/>
  <testcase classname="testCases.TestScenario_SearchOrderSpecificProduct" name="SearchOrderProduct" time="25.301"/>
  <testcase classname="testCases.TestScenario_PriceDisplayedSelectedCurrency" name="DefaultCurrencyDisplayed" time="0.153"/>
  <testcase classname="testCases.TestScenario_PriceDisplayedSelectedCurrency" name="EuroCurrencyDisplayed" time="1.111"/>
  <testcase classname="testCases.TestScenario_PriceDisplayedSelectedCurrency" name="PoundCurrencyDisplayed" time="1.14"/>
</testsuite> <!-- Opencart Tests -->
