<?xml version="1.0" encoding="UTF-8"?>
<testng-results ignored="0" total="3" passed="3" failed="0" skipped="0">
  <reporter-output>
  </reporter-output>
  <suite started-at="2022-01-11T23:50:31 EST" name="Opencart test suite" finished-at="2022-01-11T23:51:16 EST" duration-ms="45064">
    <groups>
    </groups>
    <test started-at="2022-01-11T23:50:31 EST" name="Opencart Tests" finished-at="2022-01-11T23:51:16 EST" duration-ms="45064">
      <class name="testCases.TestCase_NewCustomer">
        <test-method is-config="true" signature="setup()[pri:0, instance:testCases.TestCase_NewCustomer@5a56cdac]" started-at="2022-01-11T23:50:31 EST" name="setup" finished-at="2022-01-11T23:50:35 EST" duration-ms="3816" status="PASS">
          <reporter-output>
          </reporter-output>
        </test-method> <!-- setup -->
        <test-method signature="testAccountRegistration()[pri:0, instance:testCases.TestCase_NewCustomer@5a56cdac]" started-at="2022-01-11T23:50:35 EST" name="testAccountRegistration" finished-at="2022-01-11T23:51:01 EST" duration-ms="25910" status="PASS">
          <reporter-output>
          </reporter-output>
        </test-method> <!-- testAccountRegistration -->
        <test-method is-config="true" signature="tearDown()[pri:0, instance:testCases.TestCase_NewCustomer@5a56cdac]" started-at="2022-01-11T23:51:01 EST" name="tearDown" finished-at="2022-01-11T23:51:01 EST" duration-ms="185" status="PASS">
          <reporter-output>
          </reporter-output>
        </test-method> <!-- tearDown -->
      </class> <!-- testCases.TestCase_NewCustomer -->
      <class name="testCases.TestCase_CurrencyDisplayed">
        <test-method is-config="true" signature="setup()[pri:0, instance:testCases.TestCase_CurrencyDisplayed@3a44431a]" started-at="2022-01-11T23:51:09 EST" name="setup" finished-at="2022-01-11T23:51:11 EST" duration-ms="2165" status="PASS">
          <reporter-output>
          </reporter-output>
        </test-method> <!-- setup -->
        <test-method signature="SelectedCurrencyDisplayed()[pri:0, instance:testCases.TestCase_CurrencyDisplayed@3a44431a]" started-at="2022-01-11T23:51:11 EST" name="SelectedCurrencyDisplayed" finished-at="2022-01-11T23:51:16 EST" duration-ms="4695" status="PASS">
          <reporter-output>
          </reporter-output>
        </test-method> <!-- SelectedCurrencyDisplayed -->
        <test-method is-config="true" signature="tearDown()[pri:0, instance:testCases.TestCase_CurrencyDisplayed@3a44431a]" started-at="2022-01-11T23:51:16 EST" name="tearDown" finished-at="2022-01-11T23:51:16 EST" duration-ms="100" status="PASS">
          <reporter-output>
          </reporter-output>
        </test-method> <!-- tearDown -->
      </class> <!-- testCases.TestCase_CurrencyDisplayed -->
      <class name="testCases.TestCase_SearchAndOrderProduct">
        <test-method is-config="true" signature="setup()[pri:0, instance:testCases.TestCase_SearchAndOrderProduct@2ea41516]" started-at="2022-01-11T23:51:01 EST" name="setup" finished-at="2022-01-11T23:51:03 EST" duration-ms="1592" status="PASS">
          <reporter-output>
          </reporter-output>
        </test-method> <!-- setup -->
        <test-method signature="SearchOrderProduct()[pri:0, instance:testCases.TestCase_SearchAndOrderProduct@2ea41516]" started-at="2022-01-11T23:51:03 EST" name="SearchOrderProduct" finished-at="2022-01-11T23:51:09 EST" duration-ms="6433" status="PASS">
          <reporter-output>
          </reporter-output>
        </test-method> <!-- SearchOrderProduct -->
        <test-method is-config="true" signature="tearDown()[pri:0, instance:testCases.TestCase_SearchAndOrderProduct@2ea41516]" started-at="2022-01-11T23:51:09 EST" name="tearDown" finished-at="2022-01-11T23:51:09 EST" duration-ms="122" status="PASS">
          <reporter-output>
          </reporter-output>
        </test-method> <!-- tearDown -->
      </class> <!-- testCases.TestCase_SearchAndOrderProduct -->
    </test> <!-- Opencart Tests -->
  </suite> <!-- Opencart test suite -->
</testng-results>
