<?xml version="1.0" encoding="UTF-8"?>
<testng-results ignored="0" total="6" passed="6" failed="0" skipped="0">
  <reporter-output>
  </reporter-output>
  <suite started-at="2022-01-13T17:23:05 EST" name="Opencart test suite" finished-at="2022-01-13T17:23:40 EST" duration-ms="34551">
    <groups>
    </groups>
    <test started-at="2022-01-13T17:23:05 EST" name="Opencart Tests" finished-at="2022-01-13T17:23:40 EST" duration-ms="34551">
      <class name="testCases.TestScenario_PriceDisplayedSelectedCurrency">
        <test-method is-config="true" signature="setup()[pri:0, instance:testCases.TestScenario_PriceDisplayedSelectedCurrency@7bab3f1a]" started-at="2022-01-13T17:23:32 EST" name="setup" finished-at="2022-01-13T17:23:33 EST" duration-ms="1454" status="PASS">
          <reporter-output>
          </reporter-output>
        </test-method> <!-- setup -->
        <test-method is-config="true" signature="getWindowSettings()[pri:0, instance:testCases.TestScenario_PriceDisplayedSelectedCurrency@7bab3f1a]" started-at="2022-01-13T17:23:33 EST" name="getWindowSettings" finished-at="2022-01-13T17:23:37 EST" duration-ms="3403" status="PASS">
          <reporter-output>
          </reporter-output>
        </test-method> <!-- getWindowSettings -->
        <test-method signature="DefaultCurrencyDisplayed()[pri:1, instance:testCases.TestScenario_PriceDisplayedSelectedCurrency@7bab3f1a]" started-at="2022-01-13T17:23:37 EST" name="DefaultCurrencyDisplayed" finished-at="2022-01-13T17:23:37 EST" duration-ms="116" status="PASS">
          <reporter-output>
          </reporter-output>
        </test-method> <!-- DefaultCurrencyDisplayed -->
        <test-method is-config="true" signature="getWindowSettings()[pri:0, instance:testCases.TestScenario_PriceDisplayedSelectedCurrency@7bab3f1a]" started-at="2022-01-13T17:23:37 EST" name="getWindowSettings" finished-at="2022-01-13T17:23:37 EST" duration-ms="410" status="PASS">
          <reporter-output>
          </reporter-output>
        </test-method> <!-- getWindowSettings -->
        <test-method signature="EuroCurrencyDisplayed()[pri:2, instance:testCases.TestScenario_PriceDisplayedSelectedCurrency@7bab3f1a]" started-at="2022-01-13T17:23:37 EST" name="EuroCurrencyDisplayed" finished-at="2022-01-13T17:23:38 EST" duration-ms="901" status="PASS">
          <reporter-output>
          </reporter-output>
        </test-method> <!-- EuroCurrencyDisplayed -->
        <test-method is-config="true" signature="getWindowSettings()[pri:0, instance:testCases.TestScenario_PriceDisplayedSelectedCurrency@7bab3f1a]" started-at="2022-01-13T17:23:38 EST" name="getWindowSettings" finished-at="2022-01-13T17:23:39 EST" duration-ms="418" status="PASS">
          <reporter-output>
          </reporter-output>
        </test-method> <!-- getWindowSettings -->
        <test-method signature="PoundCurrencyDisplayed()[pri:3, instance:testCases.TestScenario_PriceDisplayedSelectedCurrency@7bab3f1a]" started-at="2022-01-13T17:23:39 EST" name="PoundCurrencyDisplayed" finished-at="2022-01-13T17:23:39 EST" duration-ms="878" status="PASS">
          <reporter-output>
          </reporter-output>
        </test-method> <!-- PoundCurrencyDisplayed -->
        <test-method is-config="true" signature="tearDown()[pri:0, instance:testCases.TestScenario_PriceDisplayedSelectedCurrency@7bab3f1a]" started-at="2022-01-13T17:23:39 EST" name="tearDown" finished-at="2022-01-13T17:23:40 EST" duration-ms="287" status="PASS">
          <reporter-output>
          </reporter-output>
        </test-method> <!-- tearDown -->
      </class> <!-- testCases.TestScenario_PriceDisplayedSelectedCurrency -->
      <class name="testCases.TestScenario_SearchOrderSpecificProduct">
        <test-method is-config="true" signature="setup()[pri:0, instance:testCases.TestScenario_SearchOrderSpecificProduct@36916eb0]" started-at="2022-01-13T17:23:24 EST" name="setup" finished-at="2022-01-13T17:23:25 EST" duration-ms="1844" status="PASS">
          <reporter-output>
          </reporter-output>
        </test-method> <!-- setup -->
        <test-method signature="SearchOrderProduct()[pri:0, instance:testCases.TestScenario_SearchOrderSpecificProduct@36916eb0]" started-at="2022-01-13T17:23:25 EST" name="SearchOrderProduct" finished-at="2022-01-13T17:23:32 EST" duration-ms="6340" status="PASS">
          <reporter-output>
          </reporter-output>
        </test-method> <!-- SearchOrderProduct -->
        <test-method is-config="true" signature="tearDown()[pri:0, instance:testCases.TestScenario_SearchOrderSpecificProduct@36916eb0]" started-at="2022-01-13T17:23:32 EST" name="tearDown" finished-at="2022-01-13T17:23:32 EST" duration-ms="113" status="PASS">
          <reporter-output>
          </reporter-output>
        </test-method> <!-- tearDown -->
      </class> <!-- testCases.TestScenario_SearchOrderSpecificProduct -->
      <class name="testCases.TestScenario_OnlyNewCustomerRegistered">
        <test-method is-config="true" signature="setup()[pri:0, instance:testCases.TestScenario_OnlyNewCustomerRegistered@729d991e]" started-at="2022-01-13T17:23:05 EST" name="setup" finished-at="2022-01-13T17:23:09 EST" duration-ms="3807" status="PASS">
          <reporter-output>
          </reporter-output>
        </test-method> <!-- setup -->
        <test-method is-config="true" signature="OpenCartUrl()[pri:0, instance:testCases.TestScenario_OnlyNewCustomerRegistered@729d991e]" started-at="2022-01-13T17:23:09 EST" name="OpenCartUrl" finished-at="2022-01-13T17:23:18 EST" duration-ms="8579" status="PASS">
          <reporter-output>
          </reporter-output>
        </test-method> <!-- OpenCartUrl -->
        <test-method signature="newUserRegistration()[pri:1, instance:testCases.TestScenario_OnlyNewCustomerRegistered@729d991e]" started-at="2022-01-13T17:23:18 EST" name="newUserRegistration" finished-at="2022-01-13T17:23:21 EST" duration-ms="3599" status="PASS">
          <reporter-output>
          </reporter-output>
        </test-method> <!-- newUserRegistration -->
        <test-method is-config="true" signature="OpenCartUrl()[pri:0, instance:testCases.TestScenario_OnlyNewCustomerRegistered@729d991e]" started-at="2022-01-13T17:23:21 EST" name="OpenCartUrl" finished-at="2022-01-13T17:23:22 EST" duration-ms="436" status="PASS">
          <reporter-output>
          </reporter-output>
        </test-method> <!-- OpenCartUrl -->
        <test-method signature="existingUserRegistration()[pri:2, instance:testCases.TestScenario_OnlyNewCustomerRegistered@729d991e]" started-at="2022-01-13T17:23:22 EST" name="existingUserRegistration" finished-at="2022-01-13T17:23:23 EST" duration-ms="1714" status="PASS">
          <reporter-output>
          </reporter-output>
        </test-method> <!-- existingUserRegistration -->
        <test-method is-config="true" signature="tearDown()[pri:0, instance:testCases.TestScenario_OnlyNewCustomerRegistered@729d991e]" started-at="2022-01-13T17:23:23 EST" name="tearDown" finished-at="2022-01-13T17:23:24 EST" duration-ms="185" status="PASS">
          <reporter-output>
          </reporter-output>
        </test-method> <!-- tearDown -->
      </class> <!-- testCases.TestScenario_OnlyNewCustomerRegistered -->
    </test> <!-- Opencart Tests -->
  </suite> <!-- Opencart test suite -->
</testng-results>
